Case #1: ACBEDGFIHKJMLONQPSRUTWVYXZ
Case #2: IMPOSSIBLE
Case #3: ACBEDGFIHKJMLONQPSRUTWVYXZ
Case #4: ACBEDGFIHKJMLONQPSRUTWVYXZ
Case #5: ACBEDGFIHKJMLONQPSRUTWVYXZ
Case #6: IMPOSSIBLE
Case #7: ACBEDGFIHKJMLONQPSRUTWVYXZ
Case #8: ACBEDGFIHKJMLONQPSRUTWVYXZ
Case #9: IMPOSSIBLE
Case #10: IMPOSSIBLE
Case #11: ACBEDGFHIKJMLONQPSRUTWVYXZ
Case #12: IMPOSSIBLE
Case #13: ACBEDGFIHKJMLONQPSRUTWVYXZ
Case #14: ACBEDGFIHKJMLONQPSRUTWVYXZ
Case #15: IMPOSSIBLE
Case #16: ACBEDGFIHKJMLONQPSRUTWVYXZ
Case #17: IMPOSSIBLE
Case #18: IMPOSSIBLE
Case #19: ACBEDGFIHKJMLONQPSRUTWVYXZ
Case #20: ACBEDGFIHKJMLONQPSRUTWVYXZ
Case #21: IMPOSSIBLE
Case #22: ACBEDGFIHKJMLONQPSRUTWVYXZ
Case #23: IMPOSSIBLE
Case #24: ACBEDGFIHKJMLONQPSRUTWVYXZ
Case #25: IMPOSSIBLE
Case #26: ACBEDGFIHKJMLONQPSRUTWVXYZ
Case #27: ACBEDGFIHKJMLONQPSRUTWVYXZ
Case #28: IMPOSSIBLE
Case #29: ACBEDGFIHKJMLONQPSRUTWVYXZ
Case #30: IMPOSSIBLE
Case #31: ABCEDGFIHKJMLONQPSRUTWVYXZ
Case #32: ACBEDGFIHKJMLONQPSRUTWVYXZ
Case #33: IMPOSSIBLE
Case #34: IMPOSSIBLE
Case #35: IMPOSSIBLE
Case #36: ACBEDGFIHKJMLONQPSRUTVWYXZ
Case #37: ACBEDGFHIKJMLONQPSRUTWVYXZ
Case #38: ACBEDGFIHKJMLONQPSRUTWVYXZ
Case #39: ACBEDGFIHKJMLONQPSRTUWVYXZ
Case #40: ACBEDGFHIKJMLONQPSRUTWVYXZ
Case #41: IMPOSSIBLE
Case #42: ACBEDFGIHKJMLNOQPSRUTWVYXZ
Case #43: ACBEDGFIHKJMLONQPSRUTVWYXZ
Case #44: ACBEDGFIHKJMLONQPSRTUVWYXZ
Case #45: IMPOSSIBLE
Case #46: IMPOSSIBLE
Case #47: ACBEDGFHIKJMLONQPSRUTWVYXZ
Case #48: ACBEDGFIHKJMLONQPSRUTWVYXZ
Case #49: ACBEDGFIHKJMLNOQPRSUTWVYXZ
Case #50: ABCEDGFIHKJMLONQPSRUTWVYXZ
Case #51: IMPOSSIBLE
Case #52: ACBDEGFIHKJMLONQPSRUTWVYXZ
Case #53: ABCEDGFIHKJMLONQPSRUTWVYXZ
Case #54: IMPOSSIBLE
Case #55: ACBEDGFIHKJMLONQPSRUTWVYXZ
Case #56: ACBEDGFIHKJMLONQPSRUTWVYXZ
Case #57: ACBEDGFIHKJMLONQPSRUTWVYXZ
Case #58: ACBEDGFIHKJMLONQPSRUTWVYXZ
Case #59: IMPOSSIBLE
Case #60: ACBEDGFIHKJMLONQPSRUTWVYXZ
Case #61: ACBEDGFIHKJMLONQPSRUTWVYXZ
Case #62: ACBEDGFIHJKMLONQPSRUTWVYXZ
Case #63: IMPOSSIBLE
Case #64: IMPOSSIBLE
Case #65: IMPOSSIBLE
Case #66: ACBEDFGIHKJMLONQPSRUTWVXYZ
Case #67: IMPOSSIBLE
Case #68: ACBEDGFIHKJMLNOQPSRUTWVYXZ
Case #69: ACBEDGFIHKJMLNOPQSRUTWVYXZ
Case #70: IMPOSSIBLE
Case #71: IMPOSSIBLE
Case #72: ACBEDGFIHKJMLONQPSRTUWVXYZ
Case #73: IMPOSSIBLE
Case #74: ACBEDGFIHKJMLONPQSRUTWVYXZ
Case #75: IMPOSSIBLE
Case #76: IMPOSSIBLE
Case #77: ACBEDGFIHJKMLONPQSRUTWVYXZ
Case #78: ACBEDGFIHKJMLONQPSRUTVWXYZ
Case #79: ACBEDGFIHKJMLONQPSRUTWVYXZ
Case #80: IMPOSSIBLE
Case #81: ACBEDIGHFKJMLONQPSRUTWVYXZ
Case #82: ACBEDGFIHJKMLONQPSRUTWVYXZ
Case #83: ACBEDGFIHKJMLONQPSRUTWVYXZ
Case #84: ACBEDFGIHKJMLONQPSRUTWVXYZ
Case #85: ACBEDGFIHKJMLONQPSRUTWVYXZ
Case #86: ACBEDGFIHKJMLONQPSRUTWVYXZ
Case #87: ACBEDGFIHKJMLONQPSRUTWVYXZ
Case #88: ACBEDGFIHKJMLNOQPSRUTWVYXZ
Case #89: ACBEDGFIHKJMLONPQSRUTWVYXZ
Case #90: ACBEDGFIHKJMLONQPSRUTWVXYZ
Case #91: ACBEDGFIHKJLMONQPSRUTWVYXZ
Case #92: IMPOSSIBLE
Case #93: IMPOSSIBLE
Case #94: IMPOSSIBLE
Case #95: ACBEDGFIHKJMLONQPSRUTWVYXZ
Case #96: ACBEDGFIHKJMLONQPSRUTWVYXZ
Case #97: ACBEDGFIHJKLMONQPSRUTWVXYZ
Case #98: IMPOSSIBLE
Case #99: ACBEDGFIHKJMLONQPSRUTWVYXZ
Case #100: IMPOSSIBLE
