Case #1: NO YES YES
Case #2: NO YES NO
Case #3: YES YES NO
Case #4: NO YES NO
Case #5: NO YES NO
Case #6: NO NO YES
Case #7: YES YES YES
Case #8: NO YES NO
Case #9: NO YES NO
Case #10: YES NO NO
Case #11: YES NO NO
Case #12: YES YES NO
Case #13: YES NO NO
Case #14: NO YES YES
Case #15: YES YES YES
Case #16: NO YES NO
Case #17: NO YES NO
Case #18: NO YES NO
Case #19: NO YES NO
Case #20: YES YES YES
Case #21: NO YES NO
Case #22: YES NO NO
Case #23: YES YES NO
Case #24: YES YES YES
Case #25: NO YES YES
Case #26: NO YES NO
Case #27: YES YES YES
Case #28: YES YES YES
Case #29: YES YES NO
Case #30: NO YES NO
Case #31: NO NO YES
Case #32: NO YES YES
Case #33: NO YES NO
Case #34: NO YES YES
Case #35: YES YES NO
Case #36: YES NO NO
Case #37: YES YES YES
Case #38: YES YES YES
Case #39: NO YES NO
Case #40: NO YES NO
Case #41: NO YES YES
Case #42: NO YES YES
Case #43: NO YES YES
Case #44: NO YES YES
Case #45: YES YES YES
Case #46: NO YES NO
Case #47: NO YES NO
Case #48: YES YES NO
Case #49: NO YES NO
Case #50: YES YES NO
Case #51: YES YES NO
Case #52: YES YES NO
Case #53: NO YES NO
Case #54: YES YES YES
Case #55: NO YES NO
Case #56: YES NO NO
Case #57: YES YES YES
Case #58: YES YES NO
Case #59: YES YES YES
Case #60: YES YES NO
Case #61: YES YES NO
Case #62: NO YES YES
Case #63: NO YES NO
Case #64: NO YES NO
Case #65: YES YES NO
Case #66: NO NO YES
Case #67: NO YES NO
Case #68: YES YES YES
Case #69: YES NO NO
Case #70: NO YES YES
Case #71: NO YES YES
Case #72: YES NO NO
Case #73: YES YES NO
Case #74: YES YES NO
Case #75: YES YES NO
Case #76: NO YES NO
Case #77: NO YES YES
Case #78: YES YES NO
Case #79: YES NO NO
Case #80: YES YES NO
Case #81: YES NO NO
Case #82: YES YES YES
Case #83: NO YES YES
Case #84: YES YES NO
Case #85: YES YES YES
Case #86: YES NO NO
Case #87: NO YES NO
Case #88: NO YES NO
Case #89: NO YES YES
Case #90: YES NO NO
Case #91: NO YES NO
Case #92: NO YES YES
Case #93: NO YES NO
Case #94: YES NO NO
Case #95: YES YES YES
Case #96: NO NO YES
Case #97: NO YES YES
Case #98: NO YES YES
Case #99: NO YES NO
Case #100: YES YES NO
