Case #1: ACBEDGFIHKJMLONQPSRUTWVYXZ
Case #2: IMPOSSIBLE
Case #3: ACBEDGFIHKJMLONQPSRUTWVYXZ
Case #4: ACBEDGFIHKJMLONQPSRUTWVYXZ
Case #5: IMPOSSIBLE
Case #6: ACBEDGFIHKJMLONQPSRUTWVYXZ
Case #7: ACBEDGFIHKJMLONQPSRUTWVYXZ
Case #8: ACBEDGFIHKJMLONQPSRUTWVYXZ
Case #9: ACBEDGFIHKJMLONQPSRUTWVYXZ
Case #10: ACBEDGFIHKJMLONQPSRUTWVYXZ
Case #11: ACBEDGFIHKJMLONQPSRUTWVYXZ
Case #12: ACBEDGFIHKJMLONQPSRUTWVYXZ
Case #13: ACBEDGFIHKJMLONQPSRUTWVYXZ
Case #14: ACBEDGFIHKJMLONQPSRUTWVYXZ
Case #15: ACBEDGFIHKJMLONQPSRUTWVYXZ
Case #16: ACBEDGFIHKJMLONQPSRUTWVYXZ
Case #17: ACBEDGFIHKJMLONQPSRUTWVYXZ
Case #18: ACBEDGFIHKJMLONQPSRUTWVYXZ
Case #19: ACBEDGFIHKJMLONQPSRUTWVYXZ
Case #20: ACBEDGFIHKJMLONQPSRUTWVYXZ
Case #21: ACBEDGFIHKJMLONQPSRUTWVYXZ
Case #22: ACBEDGFIHKJMLONQPSRUTWVYXZ
Case #23: ACBEDGFIHKJMLONQPSRUTWVYXZ
Case #24: ACBEDGFIHKJMLONQPSRUTWVYXZ
Case #25: ACBEDGFIHKJMLONQPSRUTWVYXZ
Case #26: ACBEDGFIHKJMLONQPSRUTWVYXZ
Case #27: ACBEDGFIHKJMLONQPSRUTWVYXZ
Case #28: ACBEDGFIHKJMLONQPSRUTWVYXZ
Case #29: ACBEDGFIHKJMLONQPSRUTWVYXZ
Case #30: ACBEDGFIHKJMLONQPSRTUWVYXZ
Case #31: ACBEDGFIHKJMLONQPSRUTWVYXZ
Case #32: ACBEDGFIHKJMLONQPSRUTWVYXZ
Case #33: ACBEDGFIHKJMLONQPSRUTWVYXZ
Case #34: ACBEDGFIHKJMLONQPSRUTWVYXZ
Case #35: ACBEDGFIHKJMLONQPSRUTWVYXZ
Case #36: ACBEDGFIHKJMLONQPSRUTWVYXZ
Case #37: ACBEDGFIHKJMLONQPSRUTWVYXZ
Case #38: ACBEDGFIHKJMLONQPSRUTWVYXZ
Case #39: ACBEDGFIHKJMLONQPSRUTWVYXZ
Case #40: ACBEDGFIHKJMLONQPSRUTWVYXZ
Case #41: ACBEDGFIHKJMLONQPSRUTWVYXZ
Case #42: ACBEDGFIHKJMLONQPSRUTWVYXZ
Case #43: ACBEDGFIHKJMLONQPSRUTWVYXZ
Case #44: ACBEDGFIHKJMLONQPSRUTWVYXZ
Case #45: ACBEDGFIHKJMLONQPSRUTWVYXZ
Case #46: ACBEDGFIHKJMLONQPSRUTWVYXZ
Case #47: ACBEDGFIHKJMLONQPSRUTWVYXZ
Case #48: ACBEDGFIHKJMLONQPSRUTWVYXZ
Case #49: ACBEDGFIHKJMLONQPSRUTWVYXZ
Case #50: ACBEDGFIHKJMLONQPSRUTWVYXZ
Case #51: ACBEDGFIHKJMLONQPSRUTWVYXZ
Case #52: ACBEDGFIHKJMLONQPSRUTWVYXZ
Case #53: ACBEDGFIHKJMLONQPSRUTWVYXZ
Case #54: ACBEDGFIHKJMLONQPSRUTWVYXZ
Case #55: ACBEDGFIHKJMLONQPSRUTWVYXZ
Case #56: ACBEDGFIHKJMLONQPSRUTWVYXZ
Case #57: ACBEDGFIHKJLMONQPSRUTWVYXZ
Case #58: ACBEDGFIHKJMLONQPSRUTWVYXZ
Case #59: ACBEDGFIHKJMLONQPSRUTWVYXZ
Case #60: ACBEDGFIHKJMLONQPSRUTWVYXZ
Case #61: ACBEDGFIHKJMLONQPSRUTWVYXZ
Case #62: ACBEDGFIHKJMLONQPSRUTWVYXZ
Case #63: ACBEDGFIHKJMLONQPSRUTWVYXZ
Case #64: ACBEDGFIHKJMLONQPSRUTWVYXZ
Case #65: ACBEDGFIHKJMLONPQSRUTWVYXZ
Case #66: ACBEDGFIHKJMLONQPSRUTWVYXZ
Case #67: ACBEDGFIHKJMLONQPSRUTWVYXZ
Case #68: ACBEDGFIHKJMLONQPSRUTWVYXZ
Case #69: ACBEDGFIHKJMLONQPSRUTWVYXZ
Case #70: ACBEDGFIHKJMLONQPSRUTWVYXZ
Case #71: ACBEDGFIHKJMLONQPSRUTWVYXZ
Case #72: ACBEDGFIHKJMLONQPSRUTWVYXZ
Case #73: ACBEDGFIHKJMLONQPSRUTWVYXZ
Case #74: ACBEDGFIHKJMLONQPSRUTWVYXZ
Case #75: ACBEDGFIHKJMLONQPSRUTWVYXZ
Case #76: ACBEDGFIHKJMLONQPSRUTWVYXZ
Case #77: ACBEDGFIHKJMLONQPSRUTWVYXZ
Case #78: ACBEDGFIHKJMLONQPSRUTWVYXZ
Case #79: ACBEDGFIHKJMLONQPSRUTWVYXZ
Case #80: ACBEDGFIHKJMLONQPSRUTWVYXZ
Case #81: ACBEDGFIHKJMLONQPSRUTWVYXZ
Case #82: ACBEDGFIHKJMLONQPSRUTWVYXZ
Case #83: ACBEDGFIHKJMLONQPSRUTWVYXZ
Case #84: ACBEDGFIHKJMLONQPSRUTWVYXZ
Case #85: IMPOSSIBLE
Case #86: ACBEDGFIHKJMLONQPSRUTWVYXZ
Case #87: ACBEDGFIHKJMLONQPSRUTWVYXZ
Case #88: ACBEDGFIHKJMLONQPSRUTWVYXZ
Case #89: ACBEDGFIHKJMLONQPSRUTWVYXZ
Case #90: ACBEDGFIHKJMLONQPSRUTWVYXZ
Case #91: ACBEDGFIHKJMLONQPSRUTWVYXZ
Case #92: ACBEDGFIHKJMLONQPSRUTWVYXZ
Case #93: ACBEDGFIHKJMLONQPSRUTWVYXZ
Case #94: ACBEDGFIHKJMLONQPSRUTWVYXZ
Case #95: ACBEDGFIHKJMLONQPSRUTWVYXZ
Case #96: ACBEDGFIHKJMLONQPSRUTWVYXZ
Case #97: ACBEDGFIHKJMLONQPSRUTWVYXZ
Case #98: ACBEDGFIHKJMLONQPSRUTWVYXZ
Case #99: ACBEDGFIHKJMLONQPSRUTWVYXZ
Case #100: ACBEDGFIHKJMLONQPSRUTWVYXZ
